{"ts":"2022-05-07T21:28:45.646Z","pid":"34508","sev":"debug","v":"{ '0': '/Users/craig/.nvm/versions/node/v16.13.0/bin/node', '1': '/Users/craig/.nvm/versions/node/v16.13.0/lib/node_modules/taco-toolkit/dist/eps/main/core/main.js', '2': '--caller-pid=34507', '3': '--caller-id=1', '4': '--port-file=/Users/craig/Github/taco-react-boilerplate/.eps', '5': '--log-dir=/Users/craig/Github/taco-react-boilerplate/log', '6': '--inspect-brk' }"}
{"ts":"2022-05-07T21:28:45.648Z","pid":"34508","sev":"info","v":"Command arguments: {  \"callerType\": \"desktop\",  \"javaExe\": \"java\",  \"oauthServiceJar\": \"oauth-service.jar\",  \"oauthServiceMain\": \"com.tableau.oauthservices.OAuthServiceMain\",  \"oauthLogDir\": \"/Users/craig/Documents/My Tableau Repository/Logs\",  \"oauthAuthRequired\": false,  \"useGalop\": \"box,dropbox,googledrive,onedrive,quip\",  \"portRange\": \"9089-9999\",  \"logLevel\": \"debug\",  \"logDir\": \"/Users/craig/Github/taco-react-boilerplate/log\",  \"transportFormat\": \"rest\",  \"staticServerUiDir\": \"/var/folders/0l/lpbwwg0j5zq25h16mt0qm8qw0000gn/T/tableau-temp/eps/2f9889c6-5435-4bd4-936b-c14bd994945e/static-server/app\",  \"staticServerHandlersDir\": \"/var/folders/0l/lpbwwg0j5zq25h16mt0qm8qw0000gn/T/tableau-temp/eps/2f9889c6-5435-4bd4-936b-c14bd994945e/static-server/handlers\",  \"callerPid\": \"34507\",  \"callerId\": \"1\",  \"portFile\": \"/Users/craig/Github/taco-react-boilerplate/.eps\"}"}
{"ts":"2022-05-07T21:28:45.753Z","pid":"34508","sev":"info","v":"taco-toolkit@2022.2.0-rc.11 (EPS) started on darwin from directory '/Users/craig/Github/taco-react-boilerplate'."}
{"ts":"2022-05-07T21:28:45.764Z","pid":"34508","sev":"debug","v":"Initializing EpsApp"}
{"ts":"2022-05-07T21:28:45.764Z","pid":"34508","sev":"info","v":"{ callerId: '1', epsInstanceId: '2f9889c6-5435-4bd4-936b-c14bd994945e', parentPid: 34507, portFilePath: '/Users/craig/Github/taco-react-boilerplate/.eps', portRange: { '0': '9089', '1': '9999' }, hostName: 'localhost', oauthServiceManagerOptions: { JAVA_EXE: 'java', OAUTH_SERVICE_JAR: 'oauth-service.jar', OAUTH_SERVICE_MAIN: 'com.tableau.oauthservices.OAuthServiceMain', LOG_DIR: '/Users/craig/Documents/My Tableau Repository/Logs', AUTH_REQUIRED: false, USE_GALOP: 'box,dropbox,googledrive,onedrive,quip' }, debug: { isDebuggerActive: false, isProduction: false, showDevTools: true }, callerType: 'desktop', logDir: '/Users/craig/Github/taco-react-boilerplate/log', logLevel: 'debug', transportFormat: 'rest', staticServerOptions: { staticServerHandlersDir: '/var/folders/0l/lpbwwg0j5zq25h16mt0qm8qw0000gn/T/tableau-temp/eps/2f9889c6-5435-4bd4-936b-c14bd994945e/static-server/handlers', staticServerUIDir: '/var/folders/0l/lpbwwg0j5zq25h16mt0qm8qw0000gn/T/tableau-temp/eps/2f9889c6-5435-4bd4-936b-c14bd994945e/static-server/app', staticServerPort: null, staticServerId: null }, mockServer: undefined }"}
{"ts":"2022-05-07T21:28:45.769Z","pid":"34508","sev":"info","v":"Port 9089 is available"}
{"ts":"2022-05-07T21:28:45.770Z","pid":"34508","sev":"info","v":"Port 9090 is available"}
{"ts":"2022-05-07T21:28:45.771Z","pid":"34508","sev":"info","v":"Port 9091 is in use"}
{"ts":"2022-05-07T21:28:45.776Z","pid":"34508","sev":"info","v":"Port 9092 is in use"}
{"ts":"2022-05-07T21:28:45.778Z","pid":"34508","sev":"info","v":"Port 9093 is in use"}
{"ts":"2022-05-07T21:28:45.779Z","pid":"34508","sev":"info","v":"Port 9094 is in use"}
{"ts":"2022-05-07T21:28:45.779Z","pid":"34508","sev":"info","v":"Port 9095 is in use"}
{"ts":"2022-05-07T21:28:45.780Z","pid":"34508","sev":"info","v":"Port 9096 is in use"}
{"ts":"2022-05-07T21:28:45.780Z","pid":"34508","sev":"info","v":"Port 9097 is in use"}
{"ts":"2022-05-07T21:28:45.781Z","pid":"34508","sev":"info","v":"Port 9098 is in use"}
{"ts":"2022-05-07T21:28:45.782Z","pid":"34508","sev":"info","v":"Port 9099 is in use"}
{"ts":"2022-05-07T21:28:45.782Z","pid":"34508","sev":"info","v":"Port 9100 is in use"}
{"ts":"2022-05-07T21:28:45.783Z","pid":"34508","sev":"info","v":"Port 9101 is in use"}
{"ts":"2022-05-07T21:28:45.783Z","pid":"34508","sev":"info","v":"Port 9102 is in use"}
{"ts":"2022-05-07T21:28:45.784Z","pid":"34508","sev":"info","v":"Port 9103 is in use"}
{"ts":"2022-05-07T21:28:45.784Z","pid":"34508","sev":"info","v":"Port 9104 is in use"}
{"ts":"2022-05-07T21:28:45.785Z","pid":"34508","sev":"info","v":"Port 9105 is in use"}
{"ts":"2022-05-07T21:28:45.785Z","pid":"34508","sev":"info","v":"Port 9106 is available"}
{"ts":"2022-05-07T21:28:45.787Z","pid":"34508","sev":"info","v":"added pid: (34507/eps-parent) to be watched. Watching [1] processes"}
{"ts":"2022-05-07T21:28:45.792Z","pid":"34508","sev":"info","v":"EPS Api is listening on port 9089..."}
{"ts":"2022-05-07T21:28:46.619Z","pid":"34508","sev":"info","v":"/launch/taco-react-boilerplate?debug=undefined"}
{"ts":"2022-05-07T21:28:46.620Z","pid":"34508","sev":"info","v":"{ host: 'localhost:9089', 'accept-encoding': 'gzip, deflate', 'connection-id': 'simulator', 'caller-id': '1', 'eps-instance-id': '2f9889c6-5435-4bd4-936b-c14bd994945e', 'plugin-path': '/Users/craig/Github/taco-react-boilerplate', connection: '********', 'content-length': '0' }"}
{"ts":"2022-05-07T21:28:46.621Z","pid":"34508","sev":"info","v":"plugin-path: /Users/craig/Github/taco-react-boilerplate"}
{"ts":"2022-05-07T21:28:46.621Z","pid":"34508","sev":"info","v":"plugin-path: /Users/craig/Github/taco-react-boilerplate"}
{"ts":"2022-05-07T21:28:46.623Z","pid":"34508","sev":"info","v":"TacoInitializer processing taco 'taco-react-boilerplate' at '/Users/craig/Github/taco-react-boilerplate'"}
{"ts":"2022-05-07T21:28:46.623Z","pid":"34508","sev":"info","v":"Connector is an unpacked taco folder"}
{"ts":"2022-05-07T21:28:46.623Z","pid":"34508","sev":"info","v":"Path found: /Users/craig/Github/taco-react-boilerplate/dist/app"}
{"ts":"2022-05-07T21:28:46.632Z","pid":"34508","sev":"info","v":"Path found: /Users/craig/Github/taco-react-boilerplate/dist/handlers"}
{"ts":"2022-05-07T21:28:46.633Z","pid":"34508","sev":"info","v":"TACO is initialized"}
{"ts":"2022-05-07T21:28:46.633Z","pid":"34508","sev":"info","v":"Exists: true, /var/folders/0l/lpbwwg0j5zq25h16mt0qm8qw0000gn/T/tableau-temp/eps/2f9889c6-5435-4bd4-936b-c14bd994945e/static-server/handlers/taco-react-boilerplate-d113c598391936fd76678907702e759e82c7a28b762c89169058cbf5a496e011/connector.json"}
{"ts":"2022-05-07T21:28:46.634Z","pid":"34508","sev":"info","v":"Secrets extracted successfully"}
{"ts":"2022-05-07T21:28:46.634Z","pid":"34508","sev":"info","v":"Registering event listener extractorLaunched-simulator"}
{"ts":"2022-05-07T21:28:46.634Z","pid":"34508","sev":"info","v":"TACO is initialized"}
{"ts":"2022-05-07T21:28:46.634Z","pid":"34508","sev":"info","v":"serverUrl: http://localhost:9089"}
{"ts":"2022-05-07T21:28:46.635Z","pid":"34508","sev":"info","v":"Static Server Url: http://localhost:9106/c942966d-4b6e-4b1e-a323-c000d7ec4958/taco-react-boilerplate-d113c598391936fd76678907702e759e82c7a28b762c89169058cbf5a496e011/?debug=false&connectionId=simulator&callerId=1&epsInstanceId=2f9889c6-5435-4bd4-936b-c14bd994945e&connectorClass=taco-react-boilerplate&serverUrl=http%3A%2F%2Flocalhost%3A9089&browserWatcherUrl=ws%3A%2F%2Flocalhost%3A9090&tacoPath=%2FUsers%2Fcraig%2FGithub%2Ftaco-react-boilerplate&connectionData=%7B%7D&secrets=%7B%7D"}
{"ts":"2022-05-07T21:28:46.635Z","pid":"34508","sev":"info","v":"Clean up user-dir for Chromium if exists: /var/folders/0l/lpbwwg0j5zq25h16mt0qm8qw0000gn/T/tableau-temp/eps/eps-chrome-tmp-dir"}
{"ts":"2022-05-07T21:28:46.635Z","pid":"34508","sev":"info","v":"Found temp chromium directory. Removing: /var/folders/0l/lpbwwg0j5zq25h16mt0qm8qw0000gn/T/tableau-temp/eps/eps-chrome-tmp-dir"}
{"ts":"2022-05-07T21:28:46.738Z","pid":"34508","sev":"info","v":"Launching Chrome with URL: http://localhost:9106/c942966d-4b6e-4b1e-a323-c000d7ec4958/taco-react-boilerplate-d113c598391936fd76678907702e759e82c7a28b762c89169058cbf5a496e011/?debug=false&connectionId=simulator&callerId=1&epsInstanceId=2f9889c6-5435-4bd4-936b-c14bd994945e&connectorClass=taco-react-boilerplate&serverUrl=http%3A%2F%2Flocalhost%3A9089&browserWatcherUrl=ws%3A%2F%2Flocalhost%3A9090&tacoPath=%2FUsers%2Fcraig%2FGithub%2Ftaco-react-boilerplate&connectionData=%7B%7D&secrets=%7B%7D"}
{"ts":"2022-05-07T21:28:46.748Z","pid":"34508","sev":"info","v":"launching /Applications/Google Chrome.app/Contents/MacOS/Google Chrome version 101.0.4951.54"}
{"ts":"2022-05-07T21:28:48.027Z","pid":"34508","sev":"info","v":"/permission"}
{"ts":"2022-05-07T21:28:48.028Z","pid":"34508","sev":"info","v":"{ host: 'localhost:9089', connection: '********', 'sec-ch-ua': '\" Not A;Brand\";v=\"99\", \"Chromium\";v=\"101\", \"Google Chrome\";v=\"101\"', 'eps-instance-id': '2f9889c6-5435-4bd4-936b-c14bd994945e', 'sec-ch-ua-mobile': '?0', 'connector-class': 'taco-react-boilerplate', 'user-agent': 'Mozilla/5.0 (Macintosh; Intel Mac OS X 10_15_7) AppleWebKit/537.36 (KHTML, like Gecko) Chrome/101.0.4951.54 Safari/537.36', 'caller-id': '1', 'plugin-path': '/Users/craig/Github/taco-react-boilerplate', 'connection-id': 'simulator', 'content-type': 'application/x-www-form-urlencoded', 'sec-ch-ua-platform': '\"macOS\"', accept: '*/*', origin: 'http://localhost:9106', 'sec-fetch-site': 'same-site', 'sec-fetch-mode': 'cors', 'sec-fetch-dest': 'empty', referer: 'http://localhost:9106/', 'accept-encoding': 'gzip, deflate, br', 'accept-language': 'en-GB,en-US;q=0.9,en;q=0.8' }"}
{"ts":"2022-05-07T21:28:59.434Z","pid":"34508","sev":"info","v":"Browser process was closed"}
